SET
REVOKE
REVOKE
GRANT
REVOKE
REVOKE
GRANT
REVOKE
REVOKE
GRANT
CREATE SCHEMA
CREATE SCHEMA
CREATE SCHEMA
CREATE SCHEMA
CREATE SCHEMA
CREATE FOREIGN TABLE
ALTER TABLE
GRANT
CREATE FOREIGN TABLE
ALTER TABLE
GRANT
CREATE FOREIGN TABLE
ALTER TABLE
GRANT
CREATE FOREIGN TABLE
ALTER TABLE
GRANT
CREATE FOREIGN TABLE
ALTER TABLE
GRANT
CREATE FOREIGN TABLE
ALTER TABLE
GRANT
CREATE FOREIGN TABLE
ALTER TABLE
GRANT
CREATE FOREIGN TABLE
ALTER TABLE
GRANT
CREATE FOREIGN TABLE
ALTER TABLE
GRANT
CREATE FOREIGN TABLE
ALTER TABLE
GRANT
CREATE FOREIGN TABLE
ALTER TABLE
GRANT
CREATE FOREIGN TABLE
ALTER TABLE
GRANT
CREATE FOREIGN TABLE
ALTER TABLE
GRANT
CREATE FOREIGN TABLE
ALTER TABLE
GRANT
CREATE FOREIGN TABLE
ALTER TABLE
GRANT
CREATE FOREIGN TABLE
ALTER TABLE
GRANT
CREATE FOREIGN TABLE
ALTER TABLE
GRANT
CREATE FOREIGN TABLE
ALTER TABLE
GRANT
CREATE FOREIGN TABLE
ALTER TABLE
GRANT
CREATE FOREIGN TABLE
ALTER TABLE
GRANT
CREATE FOREIGN TABLE
ALTER TABLE
GRANT
CREATE FOREIGN TABLE
ALTER TABLE
GRANT
CREATE FOREIGN TABLE
ALTER TABLE
GRANT
CREATE FOREIGN TABLE
ALTER TABLE
GRANT
CREATE FOREIGN TABLE
ALTER TABLE
GRANT
CREATE FOREIGN TABLE
ALTER TABLE
GRANT
CREATE FOREIGN TABLE
ALTER TABLE
GRANT
CREATE FOREIGN TABLE
ALTER TABLE
GRANT
CREATE FOREIGN TABLE
ALTER TABLE
GRANT
CREATE FOREIGN TABLE
ALTER TABLE
GRANT
CREATE FOREIGN TABLE
ALTER TABLE
GRANT
CREATE FOREIGN TABLE
ALTER TABLE
GRANT
CREATE FOREIGN TABLE
ALTER TABLE
GRANT
GRANT
GRANT
GRANT
GRANT
GRANT
GRANT
GRANT
GRANT
GRANT
GRANT
GRANT
GRANT
GRANT
GRANT
GRANT
GRANT
GRANT
GRANT
GRANT
GRANT
GRANT
GRANT
GRANT
GRANT
GRANT
GRANT
GRANT
GRANT
GRANT
GRANT
GRANT
GRANT
GRANT
GRANT
GRANT
GRANT
GRANT
GRANT
