ERREUR:  le rôle « geonatadmin » existe déjà
ERREUR:  le rôle « geonatatlas » existe déjà
CREATE EXTENSION
NOTICE:  l'extension « plpgsql » existe déjà, poursuite du traitement
COMMENT
CREATE EXTENSION
CREATE EXTENSION
CREATE SERVER
ALTER SERVER
CREATE USER MAPPING
CREATE SCHEMA
CREATE SCHEMA
CREATE SCHEMA
--------------------
Création des FDW depuis GN2
--------------------
IMPORT FOREIGN SCHEMA
psql:data/gn2/atlas_gn2.sql:8: NOTICE:  le schéma « ref_geo » n'existe pas, poursuite du traitement
DROP SCHEMA
CREATE SCHEMA
IMPORT FOREIGN SCHEMA
IMPORT FOREIGN SCHEMA
SET
SET
BEGIN
CREATE TABLE
ALTER TABLE
                         addgeometrycolumn                         
-------------------------------------------------------------------
 atlas.t_layer_territoire.geom SRID:3857 TYPE:MULTIPOLYGON DIMS:2 
(1 ligne)

COPY 1
CREATE INDEX
COMMIT
ANALYZE
CREATE INDEX
SET
SET
BEGIN
CREATE TABLE
ALTER TABLE
                     addgeometrycolumn                     
-----------------------------------------------------------
 atlas.l_communes.geom SRID:3857 TYPE:MULTIPOLYGON DIMS:2 
(1 ligne)

COPY 53
CREATE INDEX
COMMIT
ANALYZE
ALTER TABLE
ERREUR:  la colonne « insee » de la relation « l_communes » existe déjà
ALTER TABLE
CREATE INDEX
SET
SET
BEGIN
CREATE TABLE
ALTER TABLE
                     addgeometrycolumn                      
------------------------------------------------------------
 atlas.t_mailles_5.geom SRID:3857 TYPE:MULTIPOLYGON DIMS:2 
(1 ligne)

COPY 23060
CREATE INDEX
COMMIT
ANALYZE
ALTER TABLE
psql:/tmp/atlas_ref_taxonomie.sql:7: NOTICE:  la schéma « taxonomie » existe déjà, poursuite du traitement
CREATE SCHEMA
IMPORT FOREIGN SCHEMA
ALTER TABLE
GRANT
ALTER TABLE
GRANT
ALTER TABLE
GRANT
CREATE VIEW
SELECT 595373
CREATE INDEX
CREATE INDEX
CREATE INDEX
CREATE INDEX
CREATE INDEX
CREATE INDEX
Cancel request sent
psql:/tmp/atlas.sql:33: ERREUR:  annulation de la requête à la demande de l'utilisateur
